CRITICAL - 2024-03-18 14:25:21 --> Error: Class "Locale" not found
in SYSTEMPATH\CodeIgniter.php on line 218.
 1 FCPATH\index.php(67): CodeIgniter\CodeIgniter->initialize()
CRITICAL - 2024-03-18 14:31:55 --> Error: Class "Locale" not found
in SYSTEMPATH\CodeIgniter.php on line 218.
 1 FCPATH\index.php(67): CodeIgniter\CodeIgniter->initialize()
CRITICAL - 2024-03-18 14:32:08 --> Error: Class "Locale" not found
in SYSTEMPATH\CodeIgniter.php on line 218.
 1 FCPATH\index.php(67): CodeIgniter\CodeIgniter->initialize()
CRITICAL - 2024-03-18 14:32:10 --> Error: Class "Locale" not found
in SYSTEMPATH\CodeIgniter.php on line 218.
 1 FCPATH\index.php(67): CodeIgniter\CodeIgniter->initialize()
CRITICAL - 2024-03-18 14:35:02 --> Error: Class "Locale" not found
in SYSTEMPATH\CodeIgniter.php on line 218.
 1 FCPATH\index.php(67): CodeIgniter\CodeIgniter->initialize()
CRITICAL - 2024-03-18 13:51:24 --> ErrorException: Undefined variable $news
in APPPATH\Views\pages\beranda.php on line 118.
 1 APPPATH\Views\pages\beranda.php(118): CodeIgniter\Debug\Exceptions->errorHandler(2, 'Undefined variable $news', 'C:\\Dev\\ddi\\mis\\app\\Views\\pages\\beranda.php', 118)
 2 SYSTEMPATH\View\View.php(228): include('C:\\Dev\\ddi\\mis\\app\\Views\\pages\\beranda.php')
 3 SYSTEMPATH\View\View.php(231): CodeIgniter\View\View->CodeIgniter\View\{closure}()
 4 SYSTEMPATH\Common.php(1178): CodeIgniter\View\View->render('pages/beranda', [], true)
 5 APPPATH\Controllers\Pages.php(15): view('pages/beranda')
 6 SYSTEMPATH\CodeIgniter.php(941): App\Controllers\Pages->index()
 7 SYSTEMPATH\CodeIgniter.php(502): CodeIgniter\CodeIgniter->runController(Object(App\Controllers\Pages))
 8 SYSTEMPATH\CodeIgniter.php(361): CodeIgniter\CodeIgniter->handleRequest(null, Object(Config\Cache), false)
 9 FCPATH\index.php(79): CodeIgniter\CodeIgniter->run()
CRITICAL - 2024-03-18 13:51:26 --> ErrorException: Undefined variable $news
in APPPATH\Views\pages\beranda.php on line 118.
 1 APPPATH\Views\pages\beranda.php(118): CodeIgniter\Debug\Exceptions->errorHandler(2, 'Undefined variable $news', 'C:\\Dev\\ddi\\mis\\app\\Views\\pages\\beranda.php', 118)
 2 SYSTEMPATH\View\View.php(228): include('C:\\Dev\\ddi\\mis\\app\\Views\\pages\\beranda.php')
 3 SYSTEMPATH\View\View.php(231): CodeIgniter\View\View->CodeIgniter\View\{closure}()
 4 SYSTEMPATH\Common.php(1178): CodeIgniter\View\View->render('pages/beranda', [], true)
 5 APPPATH\Controllers\Pages.php(15): view('pages/beranda')
 6 SYSTEMPATH\CodeIgniter.php(941): App\Controllers\Pages->index()
 7 SYSTEMPATH\CodeIgniter.php(502): CodeIgniter\CodeIgniter->runController(Object(App\Controllers\Pages))
 8 SYSTEMPATH\CodeIgniter.php(361): CodeIgniter\CodeIgniter->handleRequest(null, Object(Config\Cache), false)
 9 FCPATH\index.php(79): CodeIgniter\CodeIgniter->run()
CRITICAL - 2024-03-18 13:51:58 --> ErrorException: Undefined variable $news
in APPPATH\Views\pages\beranda.php on line 118.
 1 APPPATH\Views\pages\beranda.php(118): CodeIgniter\Debug\Exceptions->errorHandler(2, 'Undefined variable $news', 'C:\\Dev\\ddi\\mis\\app\\Views\\pages\\beranda.php', 118)
 2 SYSTEMPATH\View\View.php(228): include('C:\\Dev\\ddi\\mis\\app\\Views\\pages\\beranda.php')
 3 SYSTEMPATH\View\View.php(231): CodeIgniter\View\View->CodeIgniter\View\{closure}()
 4 SYSTEMPATH\Common.php(1178): CodeIgniter\View\View->render('pages/beranda', [], true)
 5 APPPATH\Controllers\Pages.php(15): view('pages/beranda')
 6 SYSTEMPATH\CodeIgniter.php(941): App\Controllers\Pages->index()
 7 SYSTEMPATH\CodeIgniter.php(502): CodeIgniter\CodeIgniter->runController(Object(App\Controllers\Pages))
 8 SYSTEMPATH\CodeIgniter.php(361): CodeIgniter\CodeIgniter->handleRequest(null, Object(Config\Cache), false)
 9 FCPATH\index.php(79): CodeIgniter\CodeIgniter->run()
CRITICAL - 2024-03-18 13:53:35 --> ErrorException: Undefined variable $data
in APPPATH\Views\pages\beranda.php on line 118.
 1 APPPATH\Views\pages\beranda.php(118): CodeIgniter\Debug\Exceptions->errorHandler(2, 'Undefined variable $data', 'C:\\Dev\\ddi\\mis\\app\\Views\\pages\\beranda.php', 118)
 2 SYSTEMPATH\View\View.php(228): include('C:\\Dev\\ddi\\mis\\app\\Views\\pages\\beranda.php')
 3 SYSTEMPATH\View\View.php(231): CodeIgniter\View\View->CodeIgniter\View\{closure}()
 4 SYSTEMPATH\Common.php(1178): CodeIgniter\View\View->render('pages/beranda', [], true)
 5 APPPATH\Controllers\Pages.php(15): view('pages/beranda')
 6 SYSTEMPATH\CodeIgniter.php(941): App\Controllers\Pages->index()
 7 SYSTEMPATH\CodeIgniter.php(502): CodeIgniter\CodeIgniter->runController(Object(App\Controllers\Pages))
 8 SYSTEMPATH\CodeIgniter.php(361): CodeIgniter\CodeIgniter->handleRequest(null, Object(Config\Cache), false)
 9 FCPATH\index.php(79): CodeIgniter\CodeIgniter->run()
CRITICAL - 2024-03-18 13:54:30 --> ErrorException: Undefined variable $wp_content
in APPPATH\Views\pages\beranda.php on line 118.
 1 APPPATH\Views\pages\beranda.php(118): CodeIgniter\Debug\Exceptions->errorHandler(2, 'Undefined variable $wp_content', 'C:\\Dev\\ddi\\mis\\app\\Views\\pages\\beranda.php', 118)
 2 SYSTEMPATH\View\View.php(228): include('C:\\Dev\\ddi\\mis\\app\\Views\\pages\\beranda.php')
 3 SYSTEMPATH\View\View.php(231): CodeIgniter\View\View->CodeIgniter\View\{closure}()
 4 SYSTEMPATH\Common.php(1178): CodeIgniter\View\View->render('pages/beranda', [], true)
 5 APPPATH\Controllers\Pages.php(15): view('pages/beranda')
 6 SYSTEMPATH\CodeIgniter.php(941): App\Controllers\Pages->index()
 7 SYSTEMPATH\CodeIgniter.php(502): CodeIgniter\CodeIgniter->runController(Object(App\Controllers\Pages))
 8 SYSTEMPATH\CodeIgniter.php(361): CodeIgniter\CodeIgniter->handleRequest(null, Object(Config\Cache), false)
 9 FCPATH\index.php(79): CodeIgniter\CodeIgniter->run()
CRITICAL - 2024-03-18 13:54:43 --> ErrorException: Undefined variable $wpContent
in APPPATH\Views\pages\beranda.php on line 117.
 1 APPPATH\Views\pages\beranda.php(117): CodeIgniter\Debug\Exceptions->errorHandler(2, 'Undefined variable $wpContent', 'C:\\Dev\\ddi\\mis\\app\\Views\\pages\\beranda.php', 117)
 2 SYSTEMPATH\View\View.php(228): include('C:\\Dev\\ddi\\mis\\app\\Views\\pages\\beranda.php')
 3 SYSTEMPATH\View\View.php(231): CodeIgniter\View\View->CodeIgniter\View\{closure}()
 4 SYSTEMPATH\Common.php(1178): CodeIgniter\View\View->render('pages/beranda', [], true)
 5 APPPATH\Controllers\Pages.php(15): view('pages/beranda')
 6 SYSTEMPATH\CodeIgniter.php(941): App\Controllers\Pages->index()
 7 SYSTEMPATH\CodeIgniter.php(502): CodeIgniter\CodeIgniter->runController(Object(App\Controllers\Pages))
 8 SYSTEMPATH\CodeIgniter.php(361): CodeIgniter\CodeIgniter->handleRequest(null, Object(Config\Cache), false)
 9 FCPATH\index.php(79): CodeIgniter\CodeIgniter->run()
CRITICAL - 2024-03-18 13:57:37 --> ErrorException: Undefined variable $wpContent
in APPPATH\Views\pages\beranda.php on line 118.
 1 APPPATH\Views\pages\beranda.php(118): CodeIgniter\Debug\Exceptions->errorHandler(2, 'Undefined variable $wpContent', 'C:\\Dev\\ddi\\mis\\app\\Views\\pages\\beranda.php', 118)
 2 SYSTEMPATH\View\View.php(228): include('C:\\Dev\\ddi\\mis\\app\\Views\\pages\\beranda.php')
 3 SYSTEMPATH\View\View.php(231): CodeIgniter\View\View->CodeIgniter\View\{closure}()
 4 SYSTEMPATH\Common.php(1178): CodeIgniter\View\View->render('pages/beranda', [], true)
 5 APPPATH\Controllers\Pages.php(15): view('pages/beranda')
 6 SYSTEMPATH\CodeIgniter.php(941): App\Controllers\Pages->index()
 7 SYSTEMPATH\CodeIgniter.php(502): CodeIgniter\CodeIgniter->runController(Object(App\Controllers\Pages))
 8 SYSTEMPATH\CodeIgniter.php(361): CodeIgniter\CodeIgniter->handleRequest(null, Object(Config\Cache), false)
 9 FCPATH\index.php(79): CodeIgniter\CodeIgniter->run()
CRITICAL - 2024-03-18 13:58:11 --> ErrorException: Undefined variable $wpContent
in APPPATH\Views\pages\beranda.php on line 118.
 1 APPPATH\Views\pages\beranda.php(118): CodeIgniter\Debug\Exceptions->errorHandler(2, 'Undefined variable $wpContent', 'C:\\Dev\\ddi\\mis\\app\\Views\\pages\\beranda.php', 118)
 2 SYSTEMPATH\View\View.php(228): include('C:\\Dev\\ddi\\mis\\app\\Views\\pages\\beranda.php')
 3 SYSTEMPATH\View\View.php(231): CodeIgniter\View\View->CodeIgniter\View\{closure}()
 4 SYSTEMPATH\Common.php(1178): CodeIgniter\View\View->render('pages/beranda', [], true)
 5 APPPATH\Controllers\Pages.php(15): view('pages/beranda')
 6 SYSTEMPATH\CodeIgniter.php(941): App\Controllers\Pages->index()
 7 SYSTEMPATH\CodeIgniter.php(502): CodeIgniter\CodeIgniter->runController(Object(App\Controllers\Pages))
 8 SYSTEMPATH\CodeIgniter.php(361): CodeIgniter\CodeIgniter->handleRequest(null, Object(Config\Cache), false)
 9 FCPATH\index.php(79): CodeIgniter\CodeIgniter->run()
CRITICAL - 2024-03-18 13:58:13 --> ErrorException: Undefined variable $wpContent
in APPPATH\Views\pages\beranda.php on line 118.
 1 APPPATH\Views\pages\beranda.php(118): CodeIgniter\Debug\Exceptions->errorHandler(2, 'Undefined variable $wpContent', 'C:\\Dev\\ddi\\mis\\app\\Views\\pages\\beranda.php', 118)
 2 SYSTEMPATH\View\View.php(228): include('C:\\Dev\\ddi\\mis\\app\\Views\\pages\\beranda.php')
 3 SYSTEMPATH\View\View.php(231): CodeIgniter\View\View->CodeIgniter\View\{closure}()
 4 SYSTEMPATH\Common.php(1178): CodeIgniter\View\View->render('pages/beranda', [], true)
 5 APPPATH\Controllers\Pages.php(15): view('pages/beranda')
 6 SYSTEMPATH\CodeIgniter.php(941): App\Controllers\Pages->index()
 7 SYSTEMPATH\CodeIgniter.php(502): CodeIgniter\CodeIgniter->runController(Object(App\Controllers\Pages))
 8 SYSTEMPATH\CodeIgniter.php(361): CodeIgniter\CodeIgniter->handleRequest(null, Object(Config\Cache), false)
 9 FCPATH\index.php(79): CodeIgniter\CodeIgniter->run()
CRITICAL - 2024-03-18 13:58:14 --> ErrorException: Undefined variable $wpContent
in APPPATH\Views\pages\beranda.php on line 118.
 1 APPPATH\Views\pages\beranda.php(118): CodeIgniter\Debug\Exceptions->errorHandler(2, 'Undefined variable $wpContent', 'C:\\Dev\\ddi\\mis\\app\\Views\\pages\\beranda.php', 118)
 2 SYSTEMPATH\View\View.php(228): include('C:\\Dev\\ddi\\mis\\app\\Views\\pages\\beranda.php')
 3 SYSTEMPATH\View\View.php(231): CodeIgniter\View\View->CodeIgniter\View\{closure}()
 4 SYSTEMPATH\Common.php(1178): CodeIgniter\View\View->render('pages/beranda', [], true)
 5 APPPATH\Controllers\Pages.php(15): view('pages/beranda')
 6 SYSTEMPATH\CodeIgniter.php(941): App\Controllers\Pages->index()
 7 SYSTEMPATH\CodeIgniter.php(502): CodeIgniter\CodeIgniter->runController(Object(App\Controllers\Pages))
 8 SYSTEMPATH\CodeIgniter.php(361): CodeIgniter\CodeIgniter->handleRequest(null, Object(Config\Cache), false)
 9 FCPATH\index.php(79): CodeIgniter\CodeIgniter->run()
CRITICAL - 2024-03-18 14:10:31 --> ErrorException: Undefined variable $wp_content
in APPPATH\Views\pages\beranda.php on line 118.
 1 APPPATH\Views\pages\beranda.php(118): CodeIgniter\Debug\Exceptions->errorHandler(2, 'Undefined variable $wp_content', 'C:\\Dev\\ddi\\mis\\app\\Views\\pages\\beranda.php', 118)
 2 SYSTEMPATH\View\View.php(228): include('C:\\Dev\\ddi\\mis\\app\\Views\\pages\\beranda.php')
 3 SYSTEMPATH\View\View.php(231): CodeIgniter\View\View->CodeIgniter\View\{closure}()
 4 SYSTEMPATH\Common.php(1178): CodeIgniter\View\View->render('pages/beranda', [], true)
 5 APPPATH\Controllers\Pages.php(15): view('pages/beranda')
 6 SYSTEMPATH\CodeIgniter.php(941): App\Controllers\Pages->index()
 7 SYSTEMPATH\CodeIgniter.php(502): CodeIgniter\CodeIgniter->runController(Object(App\Controllers\Pages))
 8 SYSTEMPATH\CodeIgniter.php(361): CodeIgniter\CodeIgniter->handleRequest(null, Object(Config\Cache), false)
 9 FCPATH\index.php(79): CodeIgniter\CodeIgniter->run()
CRITICAL - 2024-03-18 14:10:44 --> ErrorException: Undefined variable $wpcontent
in APPPATH\Views\pages\beranda.php on line 117.
 1 APPPATH\Views\pages\beranda.php(117): CodeIgniter\Debug\Exceptions->errorHandler(2, 'Undefined variable $wpcontent', 'C:\\Dev\\ddi\\mis\\app\\Views\\pages\\beranda.php', 117)
 2 SYSTEMPATH\View\View.php(228): include('C:\\Dev\\ddi\\mis\\app\\Views\\pages\\beranda.php')
 3 SYSTEMPATH\View\View.php(231): CodeIgniter\View\View->CodeIgniter\View\{closure}()
 4 SYSTEMPATH\Common.php(1178): CodeIgniter\View\View->render('pages/beranda', [], true)
 5 APPPATH\Controllers\Pages.php(15): view('pages/beranda')
 6 SYSTEMPATH\CodeIgniter.php(941): App\Controllers\Pages->index()
 7 SYSTEMPATH\CodeIgniter.php(502): CodeIgniter\CodeIgniter->runController(Object(App\Controllers\Pages))
 8 SYSTEMPATH\CodeIgniter.php(361): CodeIgniter\CodeIgniter->handleRequest(null, Object(Config\Cache), false)
 9 FCPATH\index.php(79): CodeIgniter\CodeIgniter->run()
CRITICAL - 2024-03-18 14:10:50 --> ErrorException: Undefined variable $wpContent
in APPPATH\Views\pages\beranda.php on line 118.
 1 APPPATH\Views\pages\beranda.php(118): CodeIgniter\Debug\Exceptions->errorHandler(2, 'Undefined variable $wpContent', 'C:\\Dev\\ddi\\mis\\app\\Views\\pages\\beranda.php', 118)
 2 SYSTEMPATH\View\View.php(228): include('C:\\Dev\\ddi\\mis\\app\\Views\\pages\\beranda.php')
 3 SYSTEMPATH\View\View.php(231): CodeIgniter\View\View->CodeIgniter\View\{closure}()
 4 SYSTEMPATH\Common.php(1178): CodeIgniter\View\View->render('pages/beranda', [], true)
 5 APPPATH\Controllers\Pages.php(15): view('pages/beranda')
 6 SYSTEMPATH\CodeIgniter.php(941): App\Controllers\Pages->index()
 7 SYSTEMPATH\CodeIgniter.php(502): CodeIgniter\CodeIgniter->runController(Object(App\Controllers\Pages))
 8 SYSTEMPATH\CodeIgniter.php(361): CodeIgniter\CodeIgniter->handleRequest(null, Object(Config\Cache), false)
 9 FCPATH\index.php(79): CodeIgniter\CodeIgniter->run()
CRITICAL - 2024-03-18 14:11:37 --> ErrorException: Undefined variable $wpcontent
in APPPATH\Views\pages\beranda.php on line 118.
 1 APPPATH\Views\pages\beranda.php(118): CodeIgniter\Debug\Exceptions->errorHandler(2, 'Undefined variable $wpcontent', 'C:\\Dev\\ddi\\mis\\app\\Views\\pages\\beranda.php', 118)
 2 SYSTEMPATH\View\View.php(228): include('C:\\Dev\\ddi\\mis\\app\\Views\\pages\\beranda.php')
 3 SYSTEMPATH\View\View.php(231): CodeIgniter\View\View->CodeIgniter\View\{closure}()
 4 SYSTEMPATH\Common.php(1178): CodeIgniter\View\View->render('pages/beranda', [], true)
 5 APPPATH\Controllers\Pages.php(15): view('pages/beranda')
 6 SYSTEMPATH\CodeIgniter.php(941): App\Controllers\Pages->index()
 7 SYSTEMPATH\CodeIgniter.php(502): CodeIgniter\CodeIgniter->runController(Object(App\Controllers\Pages))
 8 SYSTEMPATH\CodeIgniter.php(361): CodeIgniter\CodeIgniter->handleRequest(null, Object(Config\Cache), false)
 9 FCPATH\index.php(79): CodeIgniter\CodeIgniter->run()
CRITICAL - 2024-03-18 14:11:49 --> ErrorException: Undefined variable $wpcontent
in APPPATH\Views\pages\beranda.php on line 118.
 1 APPPATH\Views\pages\beranda.php(118): CodeIgniter\Debug\Exceptions->errorHandler(2, 'Undefined variable $wpcontent', 'C:\\Dev\\ddi\\mis\\app\\Views\\pages\\beranda.php', 118)
 2 SYSTEMPATH\View\View.php(228): include('C:\\Dev\\ddi\\mis\\app\\Views\\pages\\beranda.php')
 3 SYSTEMPATH\View\View.php(231): CodeIgniter\View\View->CodeIgniter\View\{closure}()
 4 SYSTEMPATH\Common.php(1178): CodeIgniter\View\View->render('pages/beranda', [], true)
 5 APPPATH\Controllers\Pages.php(15): view('pages/beranda')
 6 SYSTEMPATH\CodeIgniter.php(941): App\Controllers\Pages->index()
 7 SYSTEMPATH\CodeIgniter.php(502): CodeIgniter\CodeIgniter->runController(Object(App\Controllers\Pages))
 8 SYSTEMPATH\CodeIgniter.php(361): CodeIgniter\CodeIgniter->handleRequest(null, Object(Config\Cache), false)
 9 FCPATH\index.php(79): CodeIgniter\CodeIgniter->run()
CRITICAL - 2024-03-18 14:11:50 --> ErrorException: Undefined variable $wpcontent
in APPPATH\Views\pages\beranda.php on line 118.
 1 APPPATH\Views\pages\beranda.php(118): CodeIgniter\Debug\Exceptions->errorHandler(2, 'Undefined variable $wpcontent', 'C:\\Dev\\ddi\\mis\\app\\Views\\pages\\beranda.php', 118)
 2 SYSTEMPATH\View\View.php(228): include('C:\\Dev\\ddi\\mis\\app\\Views\\pages\\beranda.php')
 3 SYSTEMPATH\View\View.php(231): CodeIgniter\View\View->CodeIgniter\View\{closure}()
 4 SYSTEMPATH\Common.php(1178): CodeIgniter\View\View->render('pages/beranda', [], true)
 5 APPPATH\Controllers\Pages.php(15): view('pages/beranda')
 6 SYSTEMPATH\CodeIgniter.php(941): App\Controllers\Pages->index()
 7 SYSTEMPATH\CodeIgniter.php(502): CodeIgniter\CodeIgniter->runController(Object(App\Controllers\Pages))
 8 SYSTEMPATH\CodeIgniter.php(361): CodeIgniter\CodeIgniter->handleRequest(null, Object(Config\Cache), false)
 9 FCPATH\index.php(79): CodeIgniter\CodeIgniter->run()
CRITICAL - 2024-03-18 14:12:13 --> ErrorException: Undefined variable $wptitle
in APPPATH\Views\pages\beranda.php on line 117.
 1 APPPATH\Views\pages\beranda.php(117): CodeIgniter\Debug\Exceptions->errorHandler(2, 'Undefined variable $wptitle', 'C:\\Dev\\ddi\\mis\\app\\Views\\pages\\beranda.php', 117)
 2 SYSTEMPATH\View\View.php(228): include('C:\\Dev\\ddi\\mis\\app\\Views\\pages\\beranda.php')
 3 SYSTEMPATH\View\View.php(231): CodeIgniter\View\View->CodeIgniter\View\{closure}()
 4 SYSTEMPATH\Common.php(1178): CodeIgniter\View\View->render('pages/beranda', [], true)
 5 APPPATH\Controllers\Pages.php(15): view('pages/beranda')
 6 SYSTEMPATH\CodeIgniter.php(941): App\Controllers\Pages->index()
 7 SYSTEMPATH\CodeIgniter.php(502): CodeIgniter\CodeIgniter->runController(Object(App\Controllers\Pages))
 8 SYSTEMPATH\CodeIgniter.php(361): CodeIgniter\CodeIgniter->handleRequest(null, Object(Config\Cache), false)
 9 FCPATH\index.php(79): CodeIgniter\CodeIgniter->run()
CRITICAL - 2024-03-18 14:12:46 --> ErrorException: Undefined variable $data
in APPPATH\Views\pages\beranda.php on line 118.
 1 APPPATH\Views\pages\beranda.php(118): CodeIgniter\Debug\Exceptions->errorHandler(2, 'Undefined variable $data', 'C:\\Dev\\ddi\\mis\\app\\Views\\pages\\beranda.php', 118)
 2 SYSTEMPATH\View\View.php(228): include('C:\\Dev\\ddi\\mis\\app\\Views\\pages\\beranda.php')
 3 SYSTEMPATH\View\View.php(231): CodeIgniter\View\View->CodeIgniter\View\{closure}()
 4 SYSTEMPATH\Common.php(1178): CodeIgniter\View\View->render('pages/beranda', [], true)
 5 APPPATH\Controllers\Pages.php(15): view('pages/beranda')
 6 SYSTEMPATH\CodeIgniter.php(941): App\Controllers\Pages->index()
 7 SYSTEMPATH\CodeIgniter.php(502): CodeIgniter\CodeIgniter->runController(Object(App\Controllers\Pages))
 8 SYSTEMPATH\CodeIgniter.php(361): CodeIgniter\CodeIgniter->handleRequest(null, Object(Config\Cache), false)
 9 FCPATH\index.php(79): CodeIgniter\CodeIgniter->run()
CRITICAL - 2024-03-18 14:16:53 --> CodeIgniter\Database\Exceptions\DatabaseException: You must set the database table to be used with your query.
in SYSTEMPATH\Database\BaseConnection.php on line 884.
 1 SYSTEMPATH\Model.php(662): CodeIgniter\Database\BaseConnection->table(null)
 2 SYSTEMPATH\Model.php(839): CodeIgniter\Model->builder()
 3 APPPATH\Models\NewsModel.php(12): CodeIgniter\Model->__get('load')
 4 APPPATH\Controllers\Beranda.php(19): App\Models\NewsModel->query_get_all()
 5 SYSTEMPATH\CodeIgniter.php(941): App\Controllers\Beranda->index()
 6 SYSTEMPATH\CodeIgniter.php(502): CodeIgniter\CodeIgniter->runController(Object(App\Controllers\Beranda))
 7 SYSTEMPATH\CodeIgniter.php(361): CodeIgniter\CodeIgniter->handleRequest(null, Object(Config\Cache), false)
 8 FCPATH\index.php(79): CodeIgniter\CodeIgniter->run()
CRITICAL - 2024-03-18 14:18:45 --> CodeIgniter\Database\Exceptions\DatabaseException: You must set the database table to be used with your query.
in SYSTEMPATH\Database\BaseConnection.php on line 884.
 1 SYSTEMPATH\Model.php(662): CodeIgniter\Database\BaseConnection->table(null)
 2 SYSTEMPATH\Model.php(839): CodeIgniter\Model->builder()
 3 APPPATH\Models\BeritaModel.php(12): CodeIgniter\Model->__get('load')
 4 APPPATH\Controllers\Beranda.php(19): App\Models\BeritaModel->query_get_all()
 5 SYSTEMPATH\CodeIgniter.php(941): App\Controllers\Beranda->index()
 6 SYSTEMPATH\CodeIgniter.php(502): CodeIgniter\CodeIgniter->runController(Object(App\Controllers\Beranda))
 7 SYSTEMPATH\CodeIgniter.php(361): CodeIgniter\CodeIgniter->handleRequest(null, Object(Config\Cache), false)
 8 FCPATH\index.php(79): CodeIgniter\CodeIgniter->run()
CRITICAL - 2024-03-18 14:19:12 --> CodeIgniter\Database\Exceptions\DatabaseException: You must set the database table to be used with your query.
in SYSTEMPATH\Database\BaseConnection.php on line 884.
 1 SYSTEMPATH\Model.php(662): CodeIgniter\Database\BaseConnection->table(null)
 2 SYSTEMPATH\Model.php(839): CodeIgniter\Model->builder()
 3 APPPATH\Models\BeritaModel.php(12): CodeIgniter\Model->__get('load')
 4 APPPATH\Controllers\Beranda.php(19): App\Models\BeritaModel->query_get_all()
 5 SYSTEMPATH\CodeIgniter.php(941): App\Controllers\Beranda->index()
 6 SYSTEMPATH\CodeIgniter.php(502): CodeIgniter\CodeIgniter->runController(Object(App\Controllers\Beranda))
 7 SYSTEMPATH\CodeIgniter.php(361): CodeIgniter\CodeIgniter->handleRequest(null, Object(Config\Cache), false)
 8 FCPATH\index.php(79): CodeIgniter\CodeIgniter->run()
CRITICAL - 2024-03-18 14:20:32 --> CodeIgniter\Database\Exceptions\DatabaseException: You must set the database table to be used with your query.
in SYSTEMPATH\Database\BaseConnection.php on line 884.
 1 SYSTEMPATH\Model.php(662): CodeIgniter\Database\BaseConnection->table(null)
 2 SYSTEMPATH\Model.php(839): CodeIgniter\Model->builder()
 3 APPPATH\Models\BeritaModel.php(12): CodeIgniter\Model->__get('load')
 4 APPPATH\Controllers\Beranda.php(19): App\Models\BeritaModel->query_get_all()
 5 SYSTEMPATH\CodeIgniter.php(941): App\Controllers\Beranda->index()
 6 SYSTEMPATH\CodeIgniter.php(502): CodeIgniter\CodeIgniter->runController(Object(App\Controllers\Beranda))
 7 SYSTEMPATH\CodeIgniter.php(361): CodeIgniter\CodeIgniter->handleRequest(null, Object(Config\Cache), false)
 8 FCPATH\index.php(79): CodeIgniter\CodeIgniter->run()
CRITICAL - 2024-03-18 14:20:42 --> CodeIgniter\Database\Exceptions\DatabaseException: You must set the database table to be used with your query.
in SYSTEMPATH\Database\BaseConnection.php on line 884.
 1 SYSTEMPATH\Model.php(662): CodeIgniter\Database\BaseConnection->table(null)
 2 SYSTEMPATH\Model.php(839): CodeIgniter\Model->builder()
 3 APPPATH\Models\BeritaModel.php(12): CodeIgniter\Model->__get('load')
 4 APPPATH\Controllers\Beranda.php(19): App\Models\BeritaModel->query_get_all()
 5 SYSTEMPATH\CodeIgniter.php(941): App\Controllers\Beranda->index()
 6 SYSTEMPATH\CodeIgniter.php(502): CodeIgniter\CodeIgniter->runController(Object(App\Controllers\Beranda))
 7 SYSTEMPATH\CodeIgniter.php(361): CodeIgniter\CodeIgniter->handleRequest(null, Object(Config\Cache), false)
 8 FCPATH\index.php(79): CodeIgniter\CodeIgniter->run()
CRITICAL - 2024-03-18 14:20:43 --> CodeIgniter\Database\Exceptions\DatabaseException: You must set the database table to be used with your query.
in SYSTEMPATH\Database\BaseConnection.php on line 884.
 1 SYSTEMPATH\Model.php(662): CodeIgniter\Database\BaseConnection->table(null)
 2 SYSTEMPATH\Model.php(839): CodeIgniter\Model->builder()
 3 APPPATH\Models\BeritaModel.php(12): CodeIgniter\Model->__get('load')
 4 APPPATH\Controllers\Beranda.php(19): App\Models\BeritaModel->query_get_all()
 5 SYSTEMPATH\CodeIgniter.php(941): App\Controllers\Beranda->index()
 6 SYSTEMPATH\CodeIgniter.php(502): CodeIgniter\CodeIgniter->runController(Object(App\Controllers\Beranda))
 7 SYSTEMPATH\CodeIgniter.php(361): CodeIgniter\CodeIgniter->handleRequest(null, Object(Config\Cache), false)
 8 FCPATH\index.php(79): CodeIgniter\CodeIgniter->run()
CRITICAL - 2024-03-18 14:20:49 --> CodeIgniter\Database\Exceptions\DatabaseException: You must set the database table to be used with your query.
in SYSTEMPATH\Database\BaseConnection.php on line 884.
 1 SYSTEMPATH\Model.php(662): CodeIgniter\Database\BaseConnection->table(null)
 2 SYSTEMPATH\Model.php(839): CodeIgniter\Model->builder()
 3 APPPATH\Models\BeritaModel.php(12): CodeIgniter\Model->__get('load')
 4 APPPATH\Controllers\Beranda.php(19): App\Models\BeritaModel->query_get_all()
 5 SYSTEMPATH\CodeIgniter.php(941): App\Controllers\Beranda->index()
 6 SYSTEMPATH\CodeIgniter.php(502): CodeIgniter\CodeIgniter->runController(Object(App\Controllers\Beranda))
 7 SYSTEMPATH\CodeIgniter.php(361): CodeIgniter\CodeIgniter->handleRequest(null, Object(Config\Cache), false)
 8 FCPATH\index.php(79): CodeIgniter\CodeIgniter->run()
CRITICAL - 2024-03-18 14:20:49 --> CodeIgniter\Database\Exceptions\DatabaseException: You must set the database table to be used with your query.
in SYSTEMPATH\Database\BaseConnection.php on line 884.
 1 SYSTEMPATH\Model.php(662): CodeIgniter\Database\BaseConnection->table(null)
 2 SYSTEMPATH\Model.php(839): CodeIgniter\Model->builder()
 3 APPPATH\Models\BeritaModel.php(12): CodeIgniter\Model->__get('load')
 4 APPPATH\Controllers\Beranda.php(19): App\Models\BeritaModel->query_get_all()
 5 SYSTEMPATH\CodeIgniter.php(941): App\Controllers\Beranda->index()
 6 SYSTEMPATH\CodeIgniter.php(502): CodeIgniter\CodeIgniter->runController(Object(App\Controllers\Beranda))
 7 SYSTEMPATH\CodeIgniter.php(361): CodeIgniter\CodeIgniter->handleRequest(null, Object(Config\Cache), false)
 8 FCPATH\index.php(79): CodeIgniter\CodeIgniter->run()
CRITICAL - 2024-03-18 14:24:00 --> CodeIgniter\Database\Exceptions\DatabaseException: You must set the database table to be used with your query.
in SYSTEMPATH\Database\BaseConnection.php on line 884.
 1 SYSTEMPATH\Model.php(662): CodeIgniter\Database\BaseConnection->table(null)
 2 SYSTEMPATH\Model.php(839): CodeIgniter\Model->builder()
 3 APPPATH\Models\BeritaModel.php(12): CodeIgniter\Model->__get('load')
 4 APPPATH\Controllers\Beranda.php(19): App\Models\BeritaModel->query_get_all()
 5 SYSTEMPATH\CodeIgniter.php(941): App\Controllers\Beranda->index()
 6 SYSTEMPATH\CodeIgniter.php(502): CodeIgniter\CodeIgniter->runController(Object(App\Controllers\Beranda))
 7 SYSTEMPATH\CodeIgniter.php(361): CodeIgniter\CodeIgniter->handleRequest(null, Object(Config\Cache), false)
 8 FCPATH\index.php(79): CodeIgniter\CodeIgniter->run()
CRITICAL - 2024-03-18 14:25:35 --> CodeIgniter\Database\Exceptions\DatabaseException: You must set the database table to be used with your query.
in SYSTEMPATH\Database\BaseConnection.php on line 884.
 1 SYSTEMPATH\Model.php(662): CodeIgniter\Database\BaseConnection->table(null)
 2 SYSTEMPATH\Model.php(839): CodeIgniter\Model->builder()
 3 APPPATH\Models\BeritaModel.php(12): CodeIgniter\Model->__get('load')
 4 APPPATH\Controllers\Beranda.php(19): App\Models\BeritaModel->query_get_all()
 5 SYSTEMPATH\CodeIgniter.php(941): App\Controllers\Beranda->index()
 6 SYSTEMPATH\CodeIgniter.php(502): CodeIgniter\CodeIgniter->runController(Object(App\Controllers\Beranda))
 7 SYSTEMPATH\CodeIgniter.php(361): CodeIgniter\CodeIgniter->handleRequest(null, Object(Config\Cache), false)
 8 FCPATH\index.php(79): CodeIgniter\CodeIgniter->run()
CRITICAL - 2024-03-18 14:53:17 --> ErrorException: Undefined variable $wpcontent
in APPPATH\Views\pages\beranda.php on line 117.
 1 APPPATH\Views\pages\beranda.php(117): CodeIgniter\Debug\Exceptions->errorHandler(2, 'Undefined variable $wpcontent', 'C:\\Dev\\ddi\\mis\\app\\Views\\pages\\beranda.php', 117)
 2 SYSTEMPATH\View\View.php(228): include('C:\\Dev\\ddi\\mis\\app\\Views\\pages\\beranda.php')
 3 SYSTEMPATH\View\View.php(231): CodeIgniter\View\View->CodeIgniter\View\{closure}()
 4 SYSTEMPATH\Common.php(1178): CodeIgniter\View\View->render('pages/beranda', [], true)
 5 APPPATH\Controllers\Beranda.php(27): view('pages/beranda', [...])
 6 SYSTEMPATH\CodeIgniter.php(941): App\Controllers\Beranda->index()
 7 SYSTEMPATH\CodeIgniter.php(502): CodeIgniter\CodeIgniter->runController(Object(App\Controllers\Beranda))
 8 SYSTEMPATH\CodeIgniter.php(361): CodeIgniter\CodeIgniter->handleRequest(null, Object(Config\Cache), false)
 9 FCPATH\index.php(79): CodeIgniter\CodeIgniter->run()
CRITICAL - 2024-03-18 14:53:39 --> TypeError: substr(): Argument #1 ($string) must be of type string, App\Models\PostObjects given
in APPPATH\Views\pages\beranda.php on line 118.
 1 APPPATH\Views\pages\beranda.php(118): substr(Object(App\Models\PostObjects), 0, 120)
 2 SYSTEMPATH\View\View.php(228): include('C:\\Dev\\ddi\\mis\\app\\Views\\pages\\beranda.php')
 3 SYSTEMPATH\View\View.php(231): CodeIgniter\View\View->CodeIgniter\View\{closure}()
 4 SYSTEMPATH\Common.php(1178): CodeIgniter\View\View->render('pages/beranda', [], true)
 5 APPPATH\Controllers\Beranda.php(27): view('pages/beranda', [...])
 6 SYSTEMPATH\CodeIgniter.php(941): App\Controllers\Beranda->index()
 7 SYSTEMPATH\CodeIgniter.php(502): CodeIgniter\CodeIgniter->runController(Object(App\Controllers\Beranda))
 8 SYSTEMPATH\CodeIgniter.php(361): CodeIgniter\CodeIgniter->handleRequest(null, Object(Config\Cache), false)
 9 FCPATH\index.php(79): CodeIgniter\CodeIgniter->run()
CRITICAL - 2024-03-18 14:58:06 --> ErrorException: Attempt to read property "wpcontent" on string
in APPPATH\Views\pages\beranda.php on line 119.
 1 APPPATH\Views\pages\beranda.php(119): CodeIgniter\Debug\Exceptions->errorHandler(2, 'Attempt to read property "wpcontent" on string', 'C:\\Dev\\ddi\\mis\\app\\Views\\pages\\beranda.php', 119)
 2 SYSTEMPATH\View\View.php(228): include('C:\\Dev\\ddi\\mis\\app\\Views\\pages\\beranda.php')
 3 SYSTEMPATH\View\View.php(231): CodeIgniter\View\View->CodeIgniter\View\{closure}()
 4 SYSTEMPATH\Common.php(1178): CodeIgniter\View\View->render('pages/beranda', [], true)
 5 APPPATH\Controllers\Beranda.php(27): view('pages/beranda', [...])
 6 SYSTEMPATH\CodeIgniter.php(941): App\Controllers\Beranda->index()
 7 SYSTEMPATH\CodeIgniter.php(502): CodeIgniter\CodeIgniter->runController(Object(App\Controllers\Beranda))
 8 SYSTEMPATH\CodeIgniter.php(361): CodeIgniter\CodeIgniter->handleRequest(null, Object(Config\Cache), false)
 9 FCPATH\index.php(79): CodeIgniter\CodeIgniter->run()
CRITICAL - 2024-03-18 14:58:41 --> ErrorException: Attempt to read property "content" on string
in APPPATH\Views\pages\beranda.php on line 120.
 1 APPPATH\Views\pages\beranda.php(120): CodeIgniter\Debug\Exceptions->errorHandler(2, 'Attempt to read property "content" on string', 'C:\\Dev\\ddi\\mis\\app\\Views\\pages\\beranda.php', 120)
 2 SYSTEMPATH\View\View.php(228): include('C:\\Dev\\ddi\\mis\\app\\Views\\pages\\beranda.php')
 3 SYSTEMPATH\View\View.php(231): CodeIgniter\View\View->CodeIgniter\View\{closure}()
 4 SYSTEMPATH\Common.php(1178): CodeIgniter\View\View->render('pages/beranda', [], true)
 5 APPPATH\Controllers\Beranda.php(27): view('pages/beranda', [...])
 6 SYSTEMPATH\CodeIgniter.php(941): App\Controllers\Beranda->index()
 7 SYSTEMPATH\CodeIgniter.php(502): CodeIgniter\CodeIgniter->runController(Object(App\Controllers\Beranda))
 8 SYSTEMPATH\CodeIgniter.php(361): CodeIgniter\CodeIgniter->handleRequest(null, Object(Config\Cache), false)
 9 FCPATH\index.php(79): CodeIgniter\CodeIgniter->run()
CRITICAL - 2024-03-18 15:00:17 --> Error: Object of class App\Models\PostObjects could not be converted to string
in APPPATH\Models\PostModel.php on line 24.
 1 APPPATH\Controllers\Beranda.php(19): App\Models\PostModel->query_get_all()
 2 SYSTEMPATH\CodeIgniter.php(941): App\Controllers\Beranda->index()
 3 SYSTEMPATH\CodeIgniter.php(502): CodeIgniter\CodeIgniter->runController(Object(App\Controllers\Beranda))
 4 SYSTEMPATH\CodeIgniter.php(361): CodeIgniter\CodeIgniter->handleRequest(null, Object(Config\Cache), false)
 5 FCPATH\index.php(79): CodeIgniter\CodeIgniter->run()
CRITICAL - 2024-03-18 15:01:02 --> Error: Object of class App\Models\PostObjects could not be converted to string
in APPPATH\Views\pages\beranda.php on line 109.
 1 SYSTEMPATH\View\View.php(228): include()
 2 SYSTEMPATH\View\View.php(231): CodeIgniter\View\View->CodeIgniter\View\{closure}()
 3 SYSTEMPATH\Common.php(1178): CodeIgniter\View\View->render('pages/beranda', [], true)
 4 APPPATH\Controllers\Beranda.php(27): view('pages/beranda', [...])
 5 SYSTEMPATH\CodeIgniter.php(941): App\Controllers\Beranda->index()
 6 SYSTEMPATH\CodeIgniter.php(502): CodeIgniter\CodeIgniter->runController(Object(App\Controllers\Beranda))
 7 SYSTEMPATH\CodeIgniter.php(361): CodeIgniter\CodeIgniter->handleRequest(null, Object(Config\Cache), false)
 8 FCPATH\index.php(79): CodeIgniter\CodeIgniter->run()
CRITICAL - 2024-03-18 15:01:21 --> ErrorException: Undefined property: App\Models\PostObjects::$post
in APPPATH\Views\pages\beranda.php on line 109.
 1 APPPATH\Views\pages\beranda.php(109): CodeIgniter\Debug\Exceptions->errorHandler(2, 'Undefined property: App\\Models\\PostObjects::$post', 'C:\\Dev\\ddi\\mis\\app\\Views\\pages\\beranda.php', 109)
 2 SYSTEMPATH\View\View.php(228): include('C:\\Dev\\ddi\\mis\\app\\Views\\pages\\beranda.php')
 3 SYSTEMPATH\View\View.php(231): CodeIgniter\View\View->CodeIgniter\View\{closure}()
 4 SYSTEMPATH\Common.php(1178): CodeIgniter\View\View->render('pages/beranda', [], true)
 5 APPPATH\Controllers\Beranda.php(27): view('pages/beranda', [...])
 6 SYSTEMPATH\CodeIgniter.php(941): App\Controllers\Beranda->index()
 7 SYSTEMPATH\CodeIgniter.php(502): CodeIgniter\CodeIgniter->runController(Object(App\Controllers\Beranda))
 8 SYSTEMPATH\CodeIgniter.php(361): CodeIgniter\CodeIgniter->handleRequest(null, Object(Config\Cache), false)
 9 FCPATH\index.php(79): CodeIgniter\CodeIgniter->run()
CRITICAL - 2024-03-18 15:01:30 --> Error: Cannot use object of type App\Models\PostObjects as array
in APPPATH\Views\pages\beranda.php on line 109.
 1 SYSTEMPATH\View\View.php(228): include()
 2 SYSTEMPATH\View\View.php(231): CodeIgniter\View\View->CodeIgniter\View\{closure}()
 3 SYSTEMPATH\Common.php(1178): CodeIgniter\View\View->render('pages/beranda', [], true)
 4 APPPATH\Controllers\Beranda.php(27): view('pages/beranda', [...])
 5 SYSTEMPATH\CodeIgniter.php(941): App\Controllers\Beranda->index()
 6 SYSTEMPATH\CodeIgniter.php(502): CodeIgniter\CodeIgniter->runController(Object(App\Controllers\Beranda))
 7 SYSTEMPATH\CodeIgniter.php(361): CodeIgniter\CodeIgniter->handleRequest(null, Object(Config\Cache), false)
 8 FCPATH\index.php(79): CodeIgniter\CodeIgniter->run()
CRITICAL - 2024-03-18 15:03:17 --> ErrorException: Attempt to read property "title" on string
in APPPATH\Views\pages\beranda.php on line 120.
 1 APPPATH\Views\pages\beranda.php(120): CodeIgniter\Debug\Exceptions->errorHandler(2, 'Attempt to read property "title" on string', 'C:\\Dev\\ddi\\mis\\app\\Views\\pages\\beranda.php', 120)
 2 SYSTEMPATH\View\View.php(228): include('C:\\Dev\\ddi\\mis\\app\\Views\\pages\\beranda.php')
 3 SYSTEMPATH\View\View.php(231): CodeIgniter\View\View->CodeIgniter\View\{closure}()
 4 SYSTEMPATH\Common.php(1178): CodeIgniter\View\View->render('pages/beranda', [], true)
 5 APPPATH\Controllers\Beranda.php(27): view('pages/beranda', [...])
 6 SYSTEMPATH\CodeIgniter.php(941): App\Controllers\Beranda->index()
 7 SYSTEMPATH\CodeIgniter.php(502): CodeIgniter\CodeIgniter->runController(Object(App\Controllers\Beranda))
 8 SYSTEMPATH\CodeIgniter.php(361): CodeIgniter\CodeIgniter->handleRequest(null, Object(Config\Cache), false)
 9 FCPATH\index.php(79): CodeIgniter\CodeIgniter->run()
CRITICAL - 2024-03-18 15:57:39 --> CodeIgniter\View\Exceptions\ViewException: Invalid file: "sejarah-singkat.php"
in SYSTEMPATH\Exceptions\FrameworkException.php on line 39.
 1 SYSTEMPATH\View\View.php(216): CodeIgniter\Exceptions\FrameworkException::forInvalidFile('sejarah-singkat.php')
 2 SYSTEMPATH\Common.php(1178): CodeIgniter\View\View->render('sejarah-singkat', [], true)
 3 APPPATH\Controllers\PageController.php(29): view('sejarah-singkat')
 4 SYSTEMPATH\CodeIgniter.php(941): App\Controllers\PageController->index()
 5 SYSTEMPATH\CodeIgniter.php(502): CodeIgniter\CodeIgniter->runController(Object(App\Controllers\PageController))
 6 SYSTEMPATH\CodeIgniter.php(361): CodeIgniter\CodeIgniter->handleRequest(null, Object(Config\Cache), false)
 7 FCPATH\index.php(79): CodeIgniter\CodeIgniter->run()
CRITICAL - 2024-03-18 16:03:02 --> Error: Object of type App\Controllers\Page is not callable
in APPPATH\Controllers\Page.php on line 34.
 1 SYSTEMPATH\CodeIgniter.php(941): App\Controllers\Page->sejarahSingkat()
 2 SYSTEMPATH\CodeIgniter.php(502): CodeIgniter\CodeIgniter->runController(Object(App\Controllers\Page))
 3 SYSTEMPATH\CodeIgniter.php(361): CodeIgniter\CodeIgniter->handleRequest(null, Object(Config\Cache), false)
 4 FCPATH\index.php(79): CodeIgniter\CodeIgniter->run()
CRITICAL - 2024-03-18 16:03:23 --> Error: Object of type App\Controllers\Page is not callable
in APPPATH\Controllers\Page.php on line 34.
 1 SYSTEMPATH\CodeIgniter.php(941): App\Controllers\Page->sejarahSingkat()
 2 SYSTEMPATH\CodeIgniter.php(502): CodeIgniter\CodeIgniter->runController(Object(App\Controllers\Page))
 3 SYSTEMPATH\CodeIgniter.php(361): CodeIgniter\CodeIgniter->handleRequest(null, Object(Config\Cache), false)
 4 FCPATH\index.php(79): CodeIgniter\CodeIgniter->run()
CRITICAL - 2024-03-18 16:03:33 --> CodeIgniter\View\Exceptions\ViewException: Invalid file: "sejarah-singkat.php"
in SYSTEMPATH\Exceptions\FrameworkException.php on line 39.
 1 SYSTEMPATH\View\View.php(216): CodeIgniter\Exceptions\FrameworkException::forInvalidFile('sejarah-singkat.php')
 2 SYSTEMPATH\Common.php(1178): CodeIgniter\View\View->render('sejarah-singkat', [], true)
 3 APPPATH\Controllers\Page.php(28): view('sejarah-singkat')
 4 APPPATH\Controllers\Page.php(34): App\Controllers\Page->index('sejarah-singkat')
 5 SYSTEMPATH\CodeIgniter.php(941): App\Controllers\Page->sejarahSingkat()
 6 SYSTEMPATH\CodeIgniter.php(502): CodeIgniter\CodeIgniter->runController(Object(App\Controllers\Page))
 7 SYSTEMPATH\CodeIgniter.php(361): CodeIgniter\CodeIgniter->handleRequest(null, Object(Config\Cache), false)
 8 FCPATH\index.php(79): CodeIgniter\CodeIgniter->run()
CRITICAL - 2024-03-18 17:05:33 --> CodeIgniter\View\Exceptions\ViewException: Invalid file: "visi-misi.php"
in SYSTEMPATH\Exceptions\FrameworkException.php on line 39.
 1 SYSTEMPATH\View\View.php(216): CodeIgniter\Exceptions\FrameworkException::forInvalidFile('visi-misi.php')
 2 SYSTEMPATH\Common.php(1178): CodeIgniter\View\View->render('visi-misi', [], true)
 3 APPPATH\Controllers\Page.php(28): view('visi-misi')
 4 APPPATH\Controllers\Page.php(39): App\Controllers\Page->index('visi-misi')
 5 SYSTEMPATH\CodeIgniter.php(941): App\Controllers\Page->visiMisi()
 6 SYSTEMPATH\CodeIgniter.php(502): CodeIgniter\CodeIgniter->runController(Object(App\Controllers\Page))
 7 SYSTEMPATH\CodeIgniter.php(361): CodeIgniter\CodeIgniter->handleRequest(null, Object(Config\Cache), false)
 8 FCPATH\index.php(79): CodeIgniter\CodeIgniter->run()
CRITICAL - 2024-03-18 17:11:59 --> ErrorException: Undefined variable $page
in APPPATH\Views\sejarah-singkat.php on line 6.
 1 APPPATH\Views\sejarah-singkat.php(6): CodeIgniter\Debug\Exceptions->errorHandler(2, 'Undefined variable $page', 'C:\\Dev\\ddi\\mis\\app\\Views\\sejarah-singkat.php', 6)
 2 SYSTEMPATH\View\View.php(228): include('C:\\Dev\\ddi\\mis\\app\\Views\\sejarah-singkat.php')
 3 SYSTEMPATH\View\View.php(231): CodeIgniter\View\View->CodeIgniter\View\{closure}()
 4 SYSTEMPATH\Common.php(1178): CodeIgniter\View\View->render('sejarah-singkat', [], true)
 5 APPPATH\Controllers\Page.php(29): view('sejarah-singkat')
 6 APPPATH\Controllers\Page.php(35): App\Controllers\Page->index('sejarah-singkat', 'Sejarah Singkat', 'Selayang Pandang Tentang Sejarah MIS Al-Falah DDI Angkona')
 7 SYSTEMPATH\CodeIgniter.php(941): App\Controllers\Page->sejarahSingkat()
 8 SYSTEMPATH\CodeIgniter.php(502): CodeIgniter\CodeIgniter->runController(Object(App\Controllers\Page))
 9 SYSTEMPATH\CodeIgniter.php(361): CodeIgniter\CodeIgniter->handleRequest(null, Object(Config\Cache), false)
10 FCPATH\index.php(79): CodeIgniter\CodeIgniter->run()
CRITICAL - 2024-03-18 17:12:37 --> ErrorException: Attempt to read property "post_content" on null
in APPPATH\Views\visi-misi.php on line 6.
 1 APPPATH\Views\visi-misi.php(6): CodeIgniter\Debug\Exceptions->errorHandler(2, 'Attempt to read property "post_content" on null', 'C:\\Dev\\ddi\\mis\\app\\Views\\visi-misi.php', 6)
 2 SYSTEMPATH\View\View.php(228): include('C:\\Dev\\ddi\\mis\\app\\Views\\visi-misi.php')
 3 SYSTEMPATH\View\View.php(231): CodeIgniter\View\View->CodeIgniter\View\{closure}()
 4 SYSTEMPATH\Common.php(1178): CodeIgniter\View\View->render('visi-misi', [], true)
 5 APPPATH\Controllers\Page.php(29): view('visi-misi')
 6 APPPATH\Controllers\Page.php(40): App\Controllers\Page->index('visi-misi', 'Visi & Misi', 'impian, cita-cita, nilai, masa depan MIS Al-Falah DDI Angkona')
 7 SYSTEMPATH\CodeIgniter.php(941): App\Controllers\Page->visiMisi()
 8 SYSTEMPATH\CodeIgniter.php(502): CodeIgniter\CodeIgniter->runController(Object(App\Controllers\Page))
 9 SYSTEMPATH\CodeIgniter.php(361): CodeIgniter\CodeIgniter->handleRequest(null, Object(Config\Cache), false)
10 FCPATH\index.php(79): CodeIgniter\CodeIgniter->run()
CRITICAL - 2024-03-18 17:16:26 --> CodeIgniter\View\Exceptions\ViewException: Invalid file: "sarana-prasarana.php"
in SYSTEMPATH\Exceptions\FrameworkException.php on line 39.
 1 SYSTEMPATH\View\View.php(216): CodeIgniter\Exceptions\FrameworkException::forInvalidFile('sarana-prasarana.php')
 2 SYSTEMPATH\Common.php(1178): CodeIgniter\View\View->render('sarana-prasarana', [], true)
 3 APPPATH\Controllers\Page.php(29): view('sarana-prasarana')
 4 APPPATH\Controllers\Page.php(45): App\Controllers\Page->index('sarana-prasarana', 'Sarana & Prasarana', 'MIS Al-Falah DDI Angkona')
 5 SYSTEMPATH\CodeIgniter.php(941): App\Controllers\Page->saranaPrasarana()
 6 SYSTEMPATH\CodeIgniter.php(502): CodeIgniter\CodeIgniter->runController(Object(App\Controllers\Page))
 7 SYSTEMPATH\CodeIgniter.php(361): CodeIgniter\CodeIgniter->handleRequest(null, Object(Config\Cache), false)
 8 FCPATH\index.php(79): CodeIgniter\CodeIgniter->run()
CRITICAL - 2024-03-18 17:16:56 --> ErrorException: Attempt to read property "post_content" on null
in APPPATH\Views\sarana-prasarana.php on line 6.
 1 APPPATH\Views\sarana-prasarana.php(6): CodeIgniter\Debug\Exceptions->errorHandler(2, 'Attempt to read property "post_content" on null', 'C:\\Dev\\ddi\\mis\\app\\Views\\sarana-prasarana.php', 6)
 2 SYSTEMPATH\View\View.php(228): include('C:\\Dev\\ddi\\mis\\app\\Views\\sarana-prasarana.php')
 3 SYSTEMPATH\View\View.php(231): CodeIgniter\View\View->CodeIgniter\View\{closure}()
 4 SYSTEMPATH\Common.php(1178): CodeIgniter\View\View->render('sarana-prasarana', [], true)
 5 APPPATH\Controllers\Page.php(29): view('sarana-prasarana')
 6 APPPATH\Controllers\Page.php(45): App\Controllers\Page->index('sarana-prasarana', 'Sarana & Prasarana', 'MIS Al-Falah DDI Angkona')
 7 SYSTEMPATH\CodeIgniter.php(941): App\Controllers\Page->saranaPrasarana()
 8 SYSTEMPATH\CodeIgniter.php(502): CodeIgniter\CodeIgniter->runController(Object(App\Controllers\Page))
 9 SYSTEMPATH\CodeIgniter.php(361): CodeIgniter\CodeIgniter->handleRequest(null, Object(Config\Cache), false)
10 FCPATH\index.php(79): CodeIgniter\CodeIgniter->run()
CRITICAL - 2024-03-18 17:19:04 --> ErrorException: Attempt to read property "post_content" on null
in APPPATH\Views\struktur-organisasi.php on line 6.
 1 APPPATH\Views\struktur-organisasi.php(6): CodeIgniter\Debug\Exceptions->errorHandler(2, 'Attempt to read property "post_content" on null', 'C:\\Dev\\ddi\\mis\\app\\Views\\struktur-organisasi.php', 6)
 2 SYSTEMPATH\View\View.php(228): include('C:\\Dev\\ddi\\mis\\app\\Views\\struktur-organisasi.php')
 3 SYSTEMPATH\View\View.php(231): CodeIgniter\View\View->CodeIgniter\View\{closure}()
 4 SYSTEMPATH\Common.php(1178): CodeIgniter\View\View->render('struktur-organisasi', [], true)
 5 APPPATH\Controllers\Page.php(29): view('struktur-organisasi')
 6 APPPATH\Controllers\Page.php(50): App\Controllers\Page->index('struktur-organisasi', 'Struktur Organisasi', 'MIS Al-Falah DDI Angkona')
 7 SYSTEMPATH\CodeIgniter.php(941): App\Controllers\Page->strukturOrganisasi()
 8 SYSTEMPATH\CodeIgniter.php(502): CodeIgniter\CodeIgniter->runController(Object(App\Controllers\Page))
 9 SYSTEMPATH\CodeIgniter.php(361): CodeIgniter\CodeIgniter->handleRequest(null, Object(Config\Cache), false)
10 FCPATH\index.php(79): CodeIgniter\CodeIgniter->run()
CRITICAL - 2024-03-18 17:27:03 --> ErrorException: Attempt to read property "post_content" on null
in APPPATH\Views\struktur-organisasi.php on line 6.
 1 APPPATH\Views\struktur-organisasi.php(6): CodeIgniter\Debug\Exceptions->errorHandler(2, 'Attempt to read property "post_content" on null', 'C:\\Dev\\ddi\\mis\\app\\Views\\struktur-organisasi.php', 6)
 2 SYSTEMPATH\View\View.php(228): include('C:\\Dev\\ddi\\mis\\app\\Views\\struktur-organisasi.php')
 3 SYSTEMPATH\View\View.php(231): CodeIgniter\View\View->CodeIgniter\View\{closure}()
 4 SYSTEMPATH\Common.php(1178): CodeIgniter\View\View->render('struktur-organisasi', [], true)
 5 APPPATH\Controllers\Page.php(29): view('struktur-organisasi')
 6 APPPATH\Controllers\Page.php(50): App\Controllers\Page->index('struktur-organisasi', 'Struktur Organisasi', 'MIS Al-Falah DDI Angkona')
 7 SYSTEMPATH\CodeIgniter.php(941): App\Controllers\Page->strukturOrganisasi()
 8 SYSTEMPATH\CodeIgniter.php(502): CodeIgniter\CodeIgniter->runController(Object(App\Controllers\Page))
 9 SYSTEMPATH\CodeIgniter.php(361): CodeIgniter\CodeIgniter->handleRequest(null, Object(Config\Cache), false)
10 FCPATH\index.php(79): CodeIgniter\CodeIgniter->run()
CRITICAL - 2024-03-18 17:27:34 --> CodeIgniter\View\Exceptions\ViewException: Invalid file: "mis-struktur-organisasi.php"
in SYSTEMPATH\Exceptions\FrameworkException.php on line 39.
 1 SYSTEMPATH\View\View.php(216): CodeIgniter\Exceptions\FrameworkException::forInvalidFile('mis-struktur-organisasi.php')
 2 SYSTEMPATH\Common.php(1178): CodeIgniter\View\View->render('mis-struktur-organisasi', [], true)
 3 APPPATH\Controllers\Page.php(29): view('mis-struktur-organisasi')
 4 APPPATH\Controllers\Page.php(50): App\Controllers\Page->index('mis-struktur-organisasi', 'Struktur Organisasi', 'MIS Al-Falah DDI Angkona')
 5 SYSTEMPATH\CodeIgniter.php(941): App\Controllers\Page->strukturOrganisasi()
 6 SYSTEMPATH\CodeIgniter.php(502): CodeIgniter\CodeIgniter->runController(Object(App\Controllers\Page))
 7 SYSTEMPATH\CodeIgniter.php(361): CodeIgniter\CodeIgniter->handleRequest(null, Object(Config\Cache), false)
 8 FCPATH\index.php(79): CodeIgniter\CodeIgniter->run()
CRITICAL - 2024-03-18 17:32:53 --> ErrorException: Attempt to read property "post_content" on null
in APPPATH\Views\akreditasi.php on line 6.
 1 APPPATH\Views\akreditasi.php(6): CodeIgniter\Debug\Exceptions->errorHandler(2, 'Attempt to read property "post_content" on null', 'C:\\Dev\\ddi\\mis\\app\\Views\\akreditasi.php', 6)
 2 SYSTEMPATH\View\View.php(228): include('C:\\Dev\\ddi\\mis\\app\\Views\\akreditasi.php')
 3 SYSTEMPATH\View\View.php(231): CodeIgniter\View\View->CodeIgniter\View\{closure}()
 4 SYSTEMPATH\Common.php(1178): CodeIgniter\View\View->render('akreditasi', [], true)
 5 APPPATH\Controllers\Page.php(29): view('akreditasi')
 6 APPPATH\Controllers\Page.php(55): App\Controllers\Page->index('akreditasi', 'Akreditasi', 'MIS Al-Falah DDI Angkona')
 7 SYSTEMPATH\CodeIgniter.php(941): App\Controllers\Page->akreditasi()
 8 SYSTEMPATH\CodeIgniter.php(502): CodeIgniter\CodeIgniter->runController(Object(App\Controllers\Page))
 9 SYSTEMPATH\CodeIgniter.php(361): CodeIgniter\CodeIgniter->handleRequest(null, Object(Config\Cache), false)
10 FCPATH\index.php(79): CodeIgniter\CodeIgniter->run()
CRITICAL - 2024-03-18 17:33:53 --> ErrorException: Attempt to read property "post_content" on null
in APPPATH\Views\akreditasi.php on line 6.
 1 APPPATH\Views\akreditasi.php(6): CodeIgniter\Debug\Exceptions->errorHandler(2, 'Attempt to read property "post_content" on null', 'C:\\Dev\\ddi\\mis\\app\\Views\\akreditasi.php', 6)
 2 SYSTEMPATH\View\View.php(228): include('C:\\Dev\\ddi\\mis\\app\\Views\\akreditasi.php')
 3 SYSTEMPATH\View\View.php(231): CodeIgniter\View\View->CodeIgniter\View\{closure}()
 4 SYSTEMPATH\Common.php(1178): CodeIgniter\View\View->render('akreditasi', [], true)
 5 APPPATH\Controllers\Page.php(29): view('akreditasi')
 6 APPPATH\Controllers\Page.php(55): App\Controllers\Page->index('akreditasi', 'Akreditasi', 'MIS Al-Falah DDI Angkona')
 7 SYSTEMPATH\CodeIgniter.php(941): App\Controllers\Page->akreditasi()
 8 SYSTEMPATH\CodeIgniter.php(502): CodeIgniter\CodeIgniter->runController(Object(App\Controllers\Page))
 9 SYSTEMPATH\CodeIgniter.php(361): CodeIgniter\CodeIgniter->handleRequest(null, Object(Config\Cache), false)
10 FCPATH\index.php(79): CodeIgniter\CodeIgniter->run()
CRITICAL - 2024-03-18 17:33:55 --> ErrorException: Attempt to read property "post_content" on null
in APPPATH\Views\akreditasi.php on line 6.
 1 APPPATH\Views\akreditasi.php(6): CodeIgniter\Debug\Exceptions->errorHandler(2, 'Attempt to read property "post_content" on null', 'C:\\Dev\\ddi\\mis\\app\\Views\\akreditasi.php', 6)
 2 SYSTEMPATH\View\View.php(228): include('C:\\Dev\\ddi\\mis\\app\\Views\\akreditasi.php')
 3 SYSTEMPATH\View\View.php(231): CodeIgniter\View\View->CodeIgniter\View\{closure}()
 4 SYSTEMPATH\Common.php(1178): CodeIgniter\View\View->render('akreditasi', [], true)
 5 APPPATH\Controllers\Page.php(29): view('akreditasi')
 6 APPPATH\Controllers\Page.php(55): App\Controllers\Page->index('akreditasi', 'Akreditasi', 'MIS Al-Falah DDI Angkona')
 7 SYSTEMPATH\CodeIgniter.php(941): App\Controllers\Page->akreditasi()
 8 SYSTEMPATH\CodeIgniter.php(502): CodeIgniter\CodeIgniter->runController(Object(App\Controllers\Page))
 9 SYSTEMPATH\CodeIgniter.php(361): CodeIgniter\CodeIgniter->handleRequest(null, Object(Config\Cache), false)
10 FCPATH\index.php(79): CodeIgniter\CodeIgniter->run()
CRITICAL - 2024-03-18 17:33:56 --> ErrorException: Attempt to read property "post_content" on null
in APPPATH\Views\akreditasi.php on line 6.
 1 APPPATH\Views\akreditasi.php(6): CodeIgniter\Debug\Exceptions->errorHandler(2, 'Attempt to read property "post_content" on null', 'C:\\Dev\\ddi\\mis\\app\\Views\\akreditasi.php', 6)
 2 SYSTEMPATH\View\View.php(228): include('C:\\Dev\\ddi\\mis\\app\\Views\\akreditasi.php')
 3 SYSTEMPATH\View\View.php(231): CodeIgniter\View\View->CodeIgniter\View\{closure}()
 4 SYSTEMPATH\Common.php(1178): CodeIgniter\View\View->render('akreditasi', [], true)
 5 APPPATH\Controllers\Page.php(29): view('akreditasi')
 6 APPPATH\Controllers\Page.php(55): App\Controllers\Page->index('akreditasi', 'Akreditasi', 'MIS Al-Falah DDI Angkona')
 7 SYSTEMPATH\CodeIgniter.php(941): App\Controllers\Page->akreditasi()
 8 SYSTEMPATH\CodeIgniter.php(502): CodeIgniter\CodeIgniter->runController(Object(App\Controllers\Page))
 9 SYSTEMPATH\CodeIgniter.php(361): CodeIgniter\CodeIgniter->handleRequest(null, Object(Config\Cache), false)
10 FCPATH\index.php(79): CodeIgniter\CodeIgniter->run()
CRITICAL - 2024-03-18 17:49:43 --> ErrorException: Attempt to read property "post_content" on null
in APPPATH\Views\akreditasi.php on line 5.
 1 APPPATH\Views\akreditasi.php(5): CodeIgniter\Debug\Exceptions->errorHandler(2, 'Attempt to read property "post_content" on null', 'C:\\Dev\\ddi\\mis\\app\\Views\\akreditasi.php', 5)
 2 SYSTEMPATH\View\View.php(228): include('C:\\Dev\\ddi\\mis\\app\\Views\\akreditasi.php')
 3 SYSTEMPATH\View\View.php(231): CodeIgniter\View\View->CodeIgniter\View\{closure}()
 4 SYSTEMPATH\Common.php(1178): CodeIgniter\View\View->render('akreditasi', [], true)
 5 APPPATH\Controllers\Page.php(29): view('akreditasi')
 6 APPPATH\Controllers\Page.php(60): App\Controllers\Page->index('direktori-guru', 'Direktori Guru', 'MIS Al-Falah DDI Angkona')
 7 SYSTEMPATH\CodeIgniter.php(941): App\Controllers\Page->direktoriGuru()
 8 SYSTEMPATH\CodeIgniter.php(502): CodeIgniter\CodeIgniter->runController(Object(App\Controllers\Page))
 9 SYSTEMPATH\CodeIgniter.php(361): CodeIgniter\CodeIgniter->handleRequest(null, Object(Config\Cache), false)
10 FCPATH\index.php(79): CodeIgniter\CodeIgniter->run()
CRITICAL - 2024-03-18 17:54:10 --> CodeIgniter\View\Exceptions\ViewException: Invalid file: "page.php"
in SYSTEMPATH\Exceptions\FrameworkException.php on line 39.
 1 SYSTEMPATH\View\View.php(216): CodeIgniter\Exceptions\FrameworkException::forInvalidFile('page.php')
 2 SYSTEMPATH\Common.php(1178): CodeIgniter\View\View->render('page', [], true)
 3 APPPATH\Controllers\Page.php(29): view('page')
 4 APPPATH\Controllers\Page.php(65): App\Controllers\Page->index('direktori-staf', 'Direktori Staf', 'MIS Al-Falah DDI Angkona')
 5 SYSTEMPATH\CodeIgniter.php(941): App\Controllers\Page->direktoriStaf()
 6 SYSTEMPATH\CodeIgniter.php(502): CodeIgniter\CodeIgniter->runController(Object(App\Controllers\Page))
 7 SYSTEMPATH\CodeIgniter.php(361): CodeIgniter\CodeIgniter->handleRequest(null, Object(Config\Cache), false)
 8 FCPATH\index.php(79): CodeIgniter\CodeIgniter->run()
CRITICAL - 2024-03-18 17:54:12 --> CodeIgniter\View\Exceptions\ViewException: Invalid file: "page.php"
in SYSTEMPATH\Exceptions\FrameworkException.php on line 39.
 1 SYSTEMPATH\View\View.php(216): CodeIgniter\Exceptions\FrameworkException::forInvalidFile('page.php')
 2 SYSTEMPATH\Common.php(1178): CodeIgniter\View\View->render('page', [], true)
 3 APPPATH\Controllers\Page.php(29): view('page')
 4 APPPATH\Controllers\Page.php(65): App\Controllers\Page->index('direktori-staf', 'Direktori Staf', 'MIS Al-Falah DDI Angkona')
 5 SYSTEMPATH\CodeIgniter.php(941): App\Controllers\Page->direktoriStaf()
 6 SYSTEMPATH\CodeIgniter.php(502): CodeIgniter\CodeIgniter->runController(Object(App\Controllers\Page))
 7 SYSTEMPATH\CodeIgniter.php(361): CodeIgniter\CodeIgniter->handleRequest(null, Object(Config\Cache), false)
 8 FCPATH\index.php(79): CodeIgniter\CodeIgniter->run()
CRITICAL - 2024-03-18 17:56:26 --> ErrorException: Attempt to read property "post_content" on null
in APPPATH\Views\templates\page.php on line 6.
 1 APPPATH\Views\templates\page.php(6): CodeIgniter\Debug\Exceptions->errorHandler(2, 'Attempt to read property "post_content" on null', 'C:\\Dev\\ddi\\mis\\app\\Views\\templates\\page.php', 6)
 2 SYSTEMPATH\View\View.php(228): include('C:\\Dev\\ddi\\mis\\app\\Views\\templates\\page.php')
 3 SYSTEMPATH\View\View.php(231): CodeIgniter\View\View->CodeIgniter\View\{closure}()
 4 SYSTEMPATH\Common.php(1178): CodeIgniter\View\View->render('templates/page', [], true)
 5 APPPATH\Controllers\Page.php(29): view('templates/page')
 6 APPPATH\Controllers\Page.php(70): App\Controllers\Page->index('galeri', 'Galeri', 'Kumpulan Photo dan Video')
 7 SYSTEMPATH\CodeIgniter.php(941): App\Controllers\Page->galeri()
 8 SYSTEMPATH\CodeIgniter.php(502): CodeIgniter\CodeIgniter->runController(Object(App\Controllers\Page))
 9 SYSTEMPATH\CodeIgniter.php(361): CodeIgniter\CodeIgniter->handleRequest(null, Object(Config\Cache), false)
10 FCPATH\index.php(79): CodeIgniter\CodeIgniter->run()
