CRITICAL - 2024-03-10 13:23:16 --> ErrorException: Undefined variable $base_url
in APPPATH\Views\templates\footer.php on line 7.
 1 APPPATH\Views\templates\footer.php(7): CodeIgniter\Debug\Exceptions->errorHandler(2, 'Undefined variable $base_url', 'C:\\Dev\\ddi\\app\\Views\\templates\\footer.php', 7)
 2 SYSTEMPATH\View\View.php(228): include('C:\\Dev\\ddi\\app\\Views\\templates\\footer.php')
 3 SYSTEMPATH\View\View.php(231): CodeIgniter\View\View->CodeIgniter\View\{closure}()
 4 SYSTEMPATH\Common.php(1178): CodeIgniter\View\View->render('templates/footer', [], true)
 5 APPPATH\Controllers\Pages.php(16): view('templates/footer')
 6 SYSTEMPATH\CodeIgniter.php(941): App\Controllers\Pages->index()
 7 SYSTEMPATH\CodeIgniter.php(502): CodeIgniter\CodeIgniter->runController(Object(App\Controllers\Pages))
 8 SYSTEMPATH\CodeIgniter.php(361): CodeIgniter\CodeIgniter->handleRequest(null, Object(Config\Cache), false)
 9 FCPATH\index.php(79): CodeIgniter\CodeIgniter->run()
10 SYSTEMPATH\Commands\Server\rewrite.php(47): require_once('C:\\Dev\\ddi\\public\\index.php')
CRITICAL - 2024-03-10 13:24:32 --> ErrorException: Undefined variable $base_url
in APPPATH\Views\templates\footer.php on line 7.
 1 APPPATH\Views\templates\footer.php(7): CodeIgniter\Debug\Exceptions->errorHandler(2, 'Undefined variable $base_url', 'C:\\Dev\\ddi\\app\\Views\\templates\\footer.php', 7)
 2 SYSTEMPATH\View\View.php(228): include('C:\\Dev\\ddi\\app\\Views\\templates\\footer.php')
 3 SYSTEMPATH\View\View.php(231): CodeIgniter\View\View->CodeIgniter\View\{closure}()
 4 SYSTEMPATH\Common.php(1178): CodeIgniter\View\View->render('templates/footer', [], true)
 5 APPPATH\Controllers\Pages.php(16): view('templates/footer')
 6 SYSTEMPATH\CodeIgniter.php(941): App\Controllers\Pages->index()
 7 SYSTEMPATH\CodeIgniter.php(502): CodeIgniter\CodeIgniter->runController(Object(App\Controllers\Pages))
 8 SYSTEMPATH\CodeIgniter.php(361): CodeIgniter\CodeIgniter->handleRequest(null, Object(Config\Cache), false)
 9 FCPATH\index.php(79): CodeIgniter\CodeIgniter->run()
10 SYSTEMPATH\Commands\Server\rewrite.php(47): require_once('C:\\Dev\\ddi\\public\\index.php')
CRITICAL - 2024-03-10 14:06:17 --> ErrorException: Undefined variable $data
in APPPATH\Views\pages\berita.php on line 2.
 1 APPPATH\Views\pages\berita.php(2): CodeIgniter\Debug\Exceptions->errorHandler(2, 'Undefined variable $data', 'C:\\Dev\\ddi\\app\\Views\\pages\\berita.php', 2)
 2 SYSTEMPATH\View\View.php(228): include('C:\\Dev\\ddi\\app\\Views\\pages\\berita.php')
 3 SYSTEMPATH\View\View.php(231): CodeIgniter\View\View->CodeIgniter\View\{closure}()
 4 SYSTEMPATH\Common.php(1178): CodeIgniter\View\View->render('pages/berita', [], true)
 5 APPPATH\Controllers\Pages.php(72): view('pages/berita')
 6 SYSTEMPATH\CodeIgniter.php(941): App\Controllers\Pages->view('berita')
 7 SYSTEMPATH\CodeIgniter.php(502): CodeIgniter\CodeIgniter->runController(Object(App\Controllers\Pages))
 8 SYSTEMPATH\CodeIgniter.php(361): CodeIgniter\CodeIgniter->handleRequest(null, Object(Config\Cache), false)
 9 FCPATH\index.php(79): CodeIgniter\CodeIgniter->run()
10 SYSTEMPATH\Commands\Server\rewrite.php(47): require_once('C:\\Dev\\ddi\\public\\index.php')
CRITICAL - 2024-03-10 14:06:23 --> ErrorException: Undefined variable $data
in APPPATH\Views\pages\berita.php on line 2.
 1 APPPATH\Views\pages\berita.php(2): CodeIgniter\Debug\Exceptions->errorHandler(2, 'Undefined variable $data', 'C:\\Dev\\ddi\\app\\Views\\pages\\berita.php', 2)
 2 SYSTEMPATH\View\View.php(228): include('C:\\Dev\\ddi\\app\\Views\\pages\\berita.php')
 3 SYSTEMPATH\View\View.php(231): CodeIgniter\View\View->CodeIgniter\View\{closure}()
 4 SYSTEMPATH\Common.php(1178): CodeIgniter\View\View->render('pages/berita', [], true)
 5 APPPATH\Controllers\Pages.php(72): view('pages/berita')
 6 SYSTEMPATH\CodeIgniter.php(941): App\Controllers\Pages->view('berita')
 7 SYSTEMPATH\CodeIgniter.php(502): CodeIgniter\CodeIgniter->runController(Object(App\Controllers\Pages))
 8 SYSTEMPATH\CodeIgniter.php(361): CodeIgniter\CodeIgniter->handleRequest(null, Object(Config\Cache), false)
 9 FCPATH\index.php(79): CodeIgniter\CodeIgniter->run()
10 SYSTEMPATH\Commands\Server\rewrite.php(47): require_once('C:\\Dev\\ddi\\public\\index.php')
CRITICAL - 2024-03-10 14:06:31 --> ErrorException: Undefined variable $data
in APPPATH\Views\pages\berita.php on line 2.
 1 APPPATH\Views\pages\berita.php(2): CodeIgniter\Debug\Exceptions->errorHandler(2, 'Undefined variable $data', 'C:\\Dev\\ddi\\app\\Views\\pages\\berita.php', 2)
 2 SYSTEMPATH\View\View.php(228): include('C:\\Dev\\ddi\\app\\Views\\pages\\berita.php')
 3 SYSTEMPATH\View\View.php(231): CodeIgniter\View\View->CodeIgniter\View\{closure}()
 4 SYSTEMPATH\Common.php(1178): CodeIgniter\View\View->render('pages/berita', [], true)
 5 APPPATH\Controllers\Pages.php(72): view('pages/berita')
 6 SYSTEMPATH\CodeIgniter.php(941): App\Controllers\Pages->view('berita')
 7 SYSTEMPATH\CodeIgniter.php(502): CodeIgniter\CodeIgniter->runController(Object(App\Controllers\Pages))
 8 SYSTEMPATH\CodeIgniter.php(361): CodeIgniter\CodeIgniter->handleRequest(null, Object(Config\Cache), false)
 9 FCPATH\index.php(79): CodeIgniter\CodeIgniter->run()
10 SYSTEMPATH\Commands\Server\rewrite.php(47): require_once('C:\\Dev\\ddi\\public\\index.php')
CRITICAL - 2024-03-10 14:07:00 --> ErrorException: Undefined variable $data
in APPPATH\Views\pages\berita.php on line 2.
 1 APPPATH\Views\pages\berita.php(2): CodeIgniter\Debug\Exceptions->errorHandler(2, 'Undefined variable $data', 'C:\\Dev\\ddi\\app\\Views\\pages\\berita.php', 2)
 2 SYSTEMPATH\View\View.php(228): include('C:\\Dev\\ddi\\app\\Views\\pages\\berita.php')
 3 SYSTEMPATH\View\View.php(231): CodeIgniter\View\View->CodeIgniter\View\{closure}()
 4 SYSTEMPATH\Common.php(1178): CodeIgniter\View\View->render('pages/berita', [], true)
 5 APPPATH\Controllers\Pages.php(72): view('pages/berita')
 6 SYSTEMPATH\CodeIgniter.php(941): App\Controllers\Pages->view('berita')
 7 SYSTEMPATH\CodeIgniter.php(502): CodeIgniter\CodeIgniter->runController(Object(App\Controllers\Pages))
 8 SYSTEMPATH\CodeIgniter.php(361): CodeIgniter\CodeIgniter->handleRequest(null, Object(Config\Cache), false)
 9 FCPATH\index.php(79): CodeIgniter\CodeIgniter->run()
10 SYSTEMPATH\Commands\Server\rewrite.php(47): require_once('C:\\Dev\\ddi\\public\\index.php')
CRITICAL - 2024-03-10 14:09:04 --> ErrorException: Undefined variable $data
in APPPATH\Views\pages\berita.php on line 2.
 1 APPPATH\Views\pages\berita.php(2): CodeIgniter\Debug\Exceptions->errorHandler(2, 'Undefined variable $data', 'C:\\Dev\\ddi\\app\\Views\\pages\\berita.php', 2)
 2 SYSTEMPATH\View\View.php(228): include('C:\\Dev\\ddi\\app\\Views\\pages\\berita.php')
 3 SYSTEMPATH\View\View.php(231): CodeIgniter\View\View->CodeIgniter\View\{closure}()
 4 SYSTEMPATH\Common.php(1178): CodeIgniter\View\View->render('pages/berita', [], true)
 5 APPPATH\Controllers\Pages.php(72): view('pages/berita', [...])
 6 SYSTEMPATH\CodeIgniter.php(941): App\Controllers\Pages->view('berita')
 7 SYSTEMPATH\CodeIgniter.php(502): CodeIgniter\CodeIgniter->runController(Object(App\Controllers\Pages))
 8 SYSTEMPATH\CodeIgniter.php(361): CodeIgniter\CodeIgniter->handleRequest(null, Object(Config\Cache), false)
 9 FCPATH\index.php(79): CodeIgniter\CodeIgniter->run()
10 SYSTEMPATH\Commands\Server\rewrite.php(47): require_once('C:\\Dev\\ddi\\public\\index.php')
CRITICAL - 2024-03-10 14:09:06 --> ErrorException: Undefined variable $data
in APPPATH\Views\pages\berita.php on line 2.
 1 APPPATH\Views\pages\berita.php(2): CodeIgniter\Debug\Exceptions->errorHandler(2, 'Undefined variable $data', 'C:\\Dev\\ddi\\app\\Views\\pages\\berita.php', 2)
 2 SYSTEMPATH\View\View.php(228): include('C:\\Dev\\ddi\\app\\Views\\pages\\berita.php')
 3 SYSTEMPATH\View\View.php(231): CodeIgniter\View\View->CodeIgniter\View\{closure}()
 4 SYSTEMPATH\Common.php(1178): CodeIgniter\View\View->render('pages/berita', [], true)
 5 APPPATH\Controllers\Pages.php(72): view('pages/berita', [...])
 6 SYSTEMPATH\CodeIgniter.php(941): App\Controllers\Pages->view('berita')
 7 SYSTEMPATH\CodeIgniter.php(502): CodeIgniter\CodeIgniter->runController(Object(App\Controllers\Pages))
 8 SYSTEMPATH\CodeIgniter.php(361): CodeIgniter\CodeIgniter->handleRequest(null, Object(Config\Cache), false)
 9 FCPATH\index.php(79): CodeIgniter\CodeIgniter->run()
10 SYSTEMPATH\Commands\Server\rewrite.php(47): require_once('C:\\Dev\\ddi\\public\\index.php')
CRITICAL - 2024-03-10 14:09:17 --> ErrorException: Undefined variable $data
in APPPATH\Views\pages\berita.php on line 2.
 1 APPPATH\Views\pages\berita.php(2): CodeIgniter\Debug\Exceptions->errorHandler(2, 'Undefined variable $data', 'C:\\Dev\\ddi\\app\\Views\\pages\\berita.php', 2)
 2 SYSTEMPATH\View\View.php(228): include('C:\\Dev\\ddi\\app\\Views\\pages\\berita.php')
 3 SYSTEMPATH\View\View.php(231): CodeIgniter\View\View->CodeIgniter\View\{closure}()
 4 SYSTEMPATH\Common.php(1178): CodeIgniter\View\View->render('pages/berita', [], true)
 5 APPPATH\Controllers\Pages.php(72): view('pages/berita', [...])
 6 SYSTEMPATH\CodeIgniter.php(941): App\Controllers\Pages->view('berita')
 7 SYSTEMPATH\CodeIgniter.php(502): CodeIgniter\CodeIgniter->runController(Object(App\Controllers\Pages))
 8 SYSTEMPATH\CodeIgniter.php(361): CodeIgniter\CodeIgniter->handleRequest(null, Object(Config\Cache), false)
 9 FCPATH\index.php(79): CodeIgniter\CodeIgniter->run()
10 SYSTEMPATH\Commands\Server\rewrite.php(47): require_once('C:\\Dev\\ddi\\public\\index.php')
